<?xml version="1.0" encoding="UTF-8"?>
<!-- Generated by org.testng.reporters.JUnitXMLReporter -->
<testsuite ignored="0" hostname="DESKTOP-FQ1QT7I" failures="0" tests="5" name="Default test" time="0.053" errors="0" timestamp="2023-09-26T12:28:46 CDT">
  <testcase classname="testmavenproject.Testclass1" name="testcase1" time="0.006"/>
  <testcase classname="testmavenproject.Testclass1" name="testcase2" time="0.001"/>
  <testcase classname="testmavenproject.Testclass1" name="testcase3" time="0.001"/>
  <testcase classname="testmavenproject.testclass2" name="testcase4" time="0.001"/>
  <testcase classname="testmavenproject.testclass2" name="testcase5" time="0.001"/>
</testsuite> <!-- Default test -->
