<?xml version="1.0" encoding="UTF-8"?>
<testng-results ignored="0" total="5" passed="5" failed="0" skipped="0">
  <reporter-output>
  </reporter-output>
  <suite started-at="2023-09-26T12:28:46 CDT" name="Default suite" finished-at="2023-09-26T12:28:46 CDT" duration-ms="53">
    <groups>
    </groups>
    <test started-at="2023-09-26T12:28:46 CDT" name="Default test" finished-at="2023-09-26T12:28:46 CDT" duration-ms="53">
      <class name="testmavenproject.Testclass1">
        <test-method signature="testcase1()[pri:0, instance:testmavenproject.Testclass1@48aca48b]" started-at="2023-09-26T12:28:46 CDT" name="testcase1" finished-at="2023-09-26T12:28:46 CDT" duration-ms="6" status="PASS">
          <reporter-output>
          </reporter-output>
        </test-method> <!-- testcase1 -->
        <test-method signature="testcase2()[pri:0, instance:testmavenproject.Testclass1@48aca48b]" started-at="2023-09-26T12:28:46 CDT" name="testcase2" finished-at="2023-09-26T12:28:46 CDT" duration-ms="1" status="PASS">
          <reporter-output>
          </reporter-output>
        </test-method> <!-- testcase2 -->
        <test-method signature="testcase3()[pri:0, instance:testmavenproject.Testclass1@48aca48b]" started-at="2023-09-26T12:28:46 CDT" name="testcase3" finished-at="2023-09-26T12:28:46 CDT" duration-ms="1" status="PASS">
          <reporter-output>
          </reporter-output>
        </test-method> <!-- testcase3 -->
      </class> <!-- testmavenproject.Testclass1 -->
      <class name="testmavenproject.testclass2">
        <test-method signature="testcase4()[pri:0, instance:testmavenproject.testclass2@60bd273d]" started-at="2023-09-26T12:28:46 CDT" name="testcase4" finished-at="2023-09-26T12:28:46 CDT" duration-ms="1" status="PASS">
          <reporter-output>
          </reporter-output>
        </test-method> <!-- testcase4 -->
        <test-method signature="testcase5()[pri:0, instance:testmavenproject.testclass2@60bd273d]" started-at="2023-09-26T12:28:46 CDT" name="testcase5" finished-at="2023-09-26T12:28:46 CDT" duration-ms="1" status="PASS">
          <reporter-output>
          </reporter-output>
        </test-method> <!-- testcase5 -->
      </class> <!-- testmavenproject.testclass2 -->
    </test> <!-- Default test -->
  </suite> <!-- Default suite -->
</testng-results>
